<?xml version="1.0" encoding="UTF-8"?>
<!-- Generated by org.testng.reporters.JUnitReportReporter -->
<testsuite hostname="BharathKumar" failures="0" tests="1" name="com.qa.tests.LoginPageTest" time="8.112" errors="0" timestamp="2024-05-15T06:38:05 IST" skipped="0">
  <testcase classname="com.qa.tests.LoginPageTest" name="test1" time="8.112"/>
</testsuite> <!-- com.qa.tests.LoginPageTest -->
